{"/Users/ahalili/IdeaProjects/myapp/index.js": {"path":"/Users/ahalili/IdeaProjects/myapp/index.js","statementMap":{"0":{"start":{"line":1,"column":12},"end":{"line":1,"column":31}},"1":{"start":{"line":2,"column":13},"end":{"line":2,"column":37}},"2":{"start":{"line":3,"column":0},"end":{"line":3,"column":27}},"3":{"start":{"line":5,"column":0},"end":{"line":9,"column":1}},"4":{"start":{"line":6,"column":4},"end":{"line":8,"column":7}},"5":{"start":{"line":7,"column":8},"end":{"line":7,"column":66}},"6":{"start":{"line":11,"column":0},"end":{"line":11,"column":21}}},"fnMap":{"0":{"name":"(anonymous_0)","decl":{"start":{"line":6,"column":21},"end":{"line":6,"column":22}},"loc":{"start":{"line":6,"column":27},"end":{"line":8,"column":5}},"line":6}},"branchMap":{"0":{"loc":{"start":{"line":2,"column":13},"end":{"line":2,"column":37}},"type":"binary-expr","locations":[{"start":{"line":2,"column":13},"end":{"line":2,"column":29}},{"start":{"line":2,"column":33},"end":{"line":2,"column":37}}],"line":2},"1":{"loc":{"start":{"line":5,"column":0},"end":{"line":9,"column":1}},"type":"if","locations":[{"start":{"line":5,"column":0},"end":{"line":9,"column":1}},{"start":{},"end":{}}],"line":5}},"s":{"0":1,"1":1,"2":1,"3":1,"4":0,"5":0,"6":1},"f":{"0":0},"b":{"0":[1,0],"1":[0,1]},"_coverageSchema":"1a1c01bbd47fc00a2c39e90264f33305004495a9","hash":"e90b0037fd626f27bf8126b2093655f570c0a768"}
,"/Users/ahalili/IdeaProjects/myapp/server.js": {"path":"/Users/ahalili/IdeaProjects/myapp/server.js","statementMap":{"0":{"start":{"line":1,"column":16},"end":{"line":1,"column":34}},"1":{"start":{"line":2,"column":17},"end":{"line":2,"column":36}},"2":{"start":{"line":3,"column":0},"end":{"line":3,"column":27}},"3":{"start":{"line":4,"column":19},"end":{"line":4,"column":41}},"4":{"start":{"line":5,"column":13},"end":{"line":5,"column":29}},"5":{"start":{"line":7,"column":12},"end":{"line":7,"column":21}},"6":{"start":{"line":10,"column":0},"end":{"line":10,"column":55}},"7":{"start":{"line":11,"column":0},"end":{"line":11,"column":27}},"8":{"start":{"line":14,"column":0},"end":{"line":19,"column":69}},"9":{"start":{"line":18,"column":12},"end":{"line":18,"column":47}},"10":{"start":{"line":19,"column":18},"end":{"line":19,"column":67}},"11":{"start":{"line":22,"column":0},"end":{"line":22,"column":65}},"12":{"start":{"line":23,"column":0},"end":{"line":23,"column":27}},"13":{"start":{"line":26,"column":21},"end":{"line":26,"column":53}},"14":{"start":{"line":27,"column":0},"end":{"line":27,"column":32}},"15":{"start":{"line":29,"column":14},"end":{"line":29,"column":45}},"16":{"start":{"line":32,"column":0},"end":{"line":34,"column":3}},"17":{"start":{"line":33,"column":4},"end":{"line":33,"column":27}},"18":{"start":{"line":37,"column":0},"end":{"line":41,"column":1}},"19":{"start":{"line":38,"column":4},"end":{"line":40,"column":7}},"20":{"start":{"line":39,"column":8},"end":{"line":39,"column":66}},"21":{"start":{"line":43,"column":0},"end":{"line":43,"column":21}}},"fnMap":{"0":{"name":"(anonymous_0)","decl":{"start":{"line":18,"column":6},"end":{"line":18,"column":7}},"loc":{"start":{"line":18,"column":12},"end":{"line":18,"column":47}},"line":18},"1":{"name":"(anonymous_1)","decl":{"start":{"line":19,"column":7},"end":{"line":19,"column":8}},"loc":{"start":{"line":19,"column":18},"end":{"line":19,"column":67}},"line":19},"2":{"name":"(anonymous_2)","decl":{"start":{"line":32,"column":13},"end":{"line":32,"column":14}},"loc":{"start":{"line":32,"column":27},"end":{"line":34,"column":1}},"line":32},"3":{"name":"(anonymous_3)","decl":{"start":{"line":38,"column":21},"end":{"line":38,"column":22}},"loc":{"start":{"line":38,"column":27},"end":{"line":40,"column":5}},"line":38}},"branchMap":{"0":{"loc":{"start":{"line":37,"column":0},"end":{"line":41,"column":1}},"type":"if","locations":[{"start":{"line":37,"column":0},"end":{"line":41,"column":1}},{"start":{},"end":{}}],"line":37}},"s":{"0":1,"1":1,"2":1,"3":1,"4":1,"5":1,"6":1,"7":1,"8":1,"9":1,"10":0,"11":1,"12":1,"13":1,"14":1,"15":1,"16":1,"17":0,"18":1,"19":0,"20":0,"21":1},"f":{"0":1,"1":0,"2":0,"3":0},"b":{"0":[0,1]},"_coverageSchema":"1a1c01bbd47fc00a2c39e90264f33305004495a9","hash":"102728203a42597dd81eaa6bb6b403bada4b6957"}
,"/Users/ahalili/IdeaProjects/myapp/controller/posts_controller.js": {"path":"/Users/ahalili/IdeaProjects/myapp/controller/posts_controller.js","statementMap":{"0":{"start":{"line":1,"column":18},"end":{"line":1,"column":50}},"1":{"start":{"line":2,"column":17},"end":{"line":2,"column":36}},"2":{"start":{"line":3,"column":20},"end":{"line":17,"column":1}},"3":{"start":{"line":4,"column":17},"end":{"line":4,"column":26}},"4":{"start":{"line":5,"column":2},"end":{"line":5,"column":22}},"5":{"start":{"line":6,"column":2},"end":{"line":16,"column":3}},"6":{"start":{"line":7,"column":4},"end":{"line":13,"column":5}},"7":{"start":{"line":8,"column":20},"end":{"line":8,"column":63}},"8":{"start":{"line":9,"column":6},"end":{"line":9,"column":29}},"9":{"start":{"line":11,"column":18},"end":{"line":11,"column":40}},"10":{"start":{"line":12,"column":4},"end":{"line":12,"column":27}},"11":{"start":{"line":15,"column":4},"end":{"line":15,"column":46}},"12":{"start":{"line":19,"column":19},"end":{"line":28,"column":5}},"13":{"start":{"line":20,"column":4},"end":{"line":20,"column":26}},"14":{"start":{"line":21,"column":4},"end":{"line":27,"column":7}},"15":{"start":{"line":22,"column":19},"end":{"line":22,"column":51}},"16":{"start":{"line":23,"column":6},"end":{"line":23,"column":33}},"17":{"start":{"line":25,"column":6},"end":{"line":25,"column":42}},"18":{"start":{"line":31,"column":23},"end":{"line":52,"column":3}},"19":{"start":{"line":32,"column":21},"end":{"line":32,"column":34}},"20":{"start":{"line":35,"column":6},"end":{"line":37,"column":7}},"21":{"start":{"line":36,"column":10},"end":{"line":36,"column":70}},"22":{"start":{"line":39,"column":6},"end":{"line":51,"column":7}},"23":{"start":{"line":41,"column":30},"end":{"line":41,"column":71}},"24":{"start":{"line":43,"column":10},"end":{"line":47,"column":11}},"25":{"start":{"line":44,"column":14},"end":{"line":44,"column":96}},"26":{"start":{"line":46,"column":14},"end":{"line":46,"column":66}},"27":{"start":{"line":49,"column":10},"end":{"line":49,"column":55}},"28":{"start":{"line":50,"column":10},"end":{"line":50,"column":89}},"29":{"start":{"line":54,"column":22},"end":{"line":74,"column":1}},"30":{"start":{"line":55,"column":19},"end":{"line":55,"column":32}},"31":{"start":{"line":58,"column":4},"end":{"line":60,"column":5}},"32":{"start":{"line":59,"column":8},"end":{"line":59,"column":68}},"33":{"start":{"line":62,"column":4},"end":{"line":73,"column":5}},"34":{"start":{"line":63,"column":21},"end":{"line":63,"column":53}},"35":{"start":{"line":65,"column":8},"end":{"line":69,"column":9}},"36":{"start":{"line":66,"column":12},"end":{"line":66,"column":39}},"37":{"start":{"line":68,"column":12},"end":{"line":68,"column":64}},"38":{"start":{"line":71,"column":8},"end":{"line":71,"column":53}},"39":{"start":{"line":72,"column":8},"end":{"line":72,"column":87}},"40":{"start":{"line":77,"column":0},"end":{"line":82,"column":2}}},"fnMap":{"0":{"name":"(anonymous_0)","decl":{"start":{"line":3,"column":20},"end":{"line":3,"column":21}},"loc":{"start":{"line":3,"column":39},"end":{"line":17,"column":1}},"line":3},"1":{"name":"(anonymous_1)","decl":{"start":{"line":19,"column":19},"end":{"line":19,"column":20}},"loc":{"start":{"line":19,"column":39},"end":{"line":28,"column":5}},"line":19},"2":{"name":"(anonymous_2)","decl":{"start":{"line":31,"column":23},"end":{"line":31,"column":24}},"loc":{"start":{"line":31,"column":43},"end":{"line":52,"column":3}},"line":31},"3":{"name":"(anonymous_3)","decl":{"start":{"line":54,"column":22},"end":{"line":54,"column":23}},"loc":{"start":{"line":54,"column":42},"end":{"line":74,"column":1}},"line":54}},"branchMap":{"0":{"loc":{"start":{"line":7,"column":4},"end":{"line":13,"column":5}},"type":"if","locations":[{"start":{"line":7,"column":4},"end":{"line":13,"column":5}},{"start":{"line":10,"column":9},"end":{"line":13,"column":5}}],"line":7},"1":{"loc":{"start":{"line":35,"column":6},"end":{"line":37,"column":7}},"type":"if","locations":[{"start":{"line":35,"column":6},"end":{"line":37,"column":7}},{"start":{},"end":{}}],"line":35},"2":{"loc":{"start":{"line":43,"column":10},"end":{"line":47,"column":11}},"type":"if","locations":[{"start":{"line":43,"column":10},"end":{"line":47,"column":11}},{"start":{"line":45,"column":17},"end":{"line":47,"column":11}}],"line":43},"3":{"loc":{"start":{"line":58,"column":4},"end":{"line":60,"column":5}},"type":"if","locations":[{"start":{"line":58,"column":4},"end":{"line":60,"column":5}},{"start":{},"end":{}}],"line":58},"4":{"loc":{"start":{"line":65,"column":8},"end":{"line":69,"column":9}},"type":"if","locations":[{"start":{"line":65,"column":8},"end":{"line":69,"column":9}},{"start":{"line":67,"column":15},"end":{"line":69,"column":9}}],"line":65}},"s":{"0":1,"1":1,"2":1,"3":2,"4":2,"5":2,"6":2,"7":1,"8":1,"9":1,"10":1,"11":0,"12":1,"13":2,"14":2,"15":2,"16":1,"17":1,"18":1,"19":1,"20":1,"21":0,"22":1,"23":1,"24":1,"25":1,"26":0,"27":0,"28":0,"29":1,"30":1,"31":1,"32":0,"33":1,"34":1,"35":1,"36":0,"37":1,"38":0,"39":0,"40":1},"f":{"0":2,"1":2,"2":1,"3":1},"b":{"0":[1,1],"1":[0,1],"2":[1,0],"3":[0,1],"4":[0,1]},"_coverageSchema":"1a1c01bbd47fc00a2c39e90264f33305004495a9","hash":"4265e929cbaf5351a2355fcf3abe550f9fdcafd3"}
,"/Users/ahalili/IdeaProjects/myapp/models/posts_model.js": {"path":"/Users/ahalili/IdeaProjects/myapp/models/posts_model.js","statementMap":{"0":{"start":{"line":1,"column":17},"end":{"line":1,"column":36}},"1":{"start":{"line":2,"column":15},"end":{"line":2,"column":30}},"2":{"start":{"line":3,"column":19},"end":{"line":16,"column":2}},"3":{"start":{"line":17,"column":14},"end":{"line":17,"column":49}},"4":{"start":{"line":18,"column":0},"end":{"line":18,"column":23}}},"fnMap":{},"branchMap":{},"s":{"0":1,"1":1,"2":1,"3":1,"4":1},"f":{},"b":{},"_coverageSchema":"1a1c01bbd47fc00a2c39e90264f33305004495a9","hash":"c51212454537302e90a9dcd3fbb57d4c61ea64aa"}
,"/Users/ahalili/IdeaProjects/myapp/routes/posts_routes.js": {"path":"/Users/ahalili/IdeaProjects/myapp/routes/posts_routes.js","statementMap":{"0":{"start":{"line":1,"column":16},"end":{"line":1,"column":34}},"1":{"start":{"line":2,"column":15},"end":{"line":2,"column":31}},"2":{"start":{"line":3,"column":24},"end":{"line":3,"column":65}},"3":{"start":{"line":5,"column":0},"end":{"line":5,"column":45}},"4":{"start":{"line":7,"column":0},"end":{"line":7,"column":48}},"5":{"start":{"line":9,"column":0},"end":{"line":9,"column":45}},"6":{"start":{"line":11,"column":0},"end":{"line":11,"column":50}},"7":{"start":{"line":13,"column":0},"end":{"line":13,"column":24}}},"fnMap":{},"branchMap":{},"s":{"0":1,"1":1,"2":1,"3":1,"4":1,"5":1,"6":1,"7":1},"f":{},"b":{},"_coverageSchema":"1a1c01bbd47fc00a2c39e90264f33305004495a9","hash":"8c3deb9c844fac5cf71a1083a0201f7a640d3e67"}
}
