TN:
SF:index.js
FN:6,(anonymous_0)
FNF:1
FNH:0
FNDA:0,(anonymous_0)
DA:1,1
DA:2,1
DA:3,1
DA:5,1
DA:6,0
DA:7,0
DA:11,1
LF:7
LH:5
BRDA:2,0,0,1
BRDA:2,0,1,0
BRDA:5,1,0,0
BRDA:5,1,1,1
BRF:4
BRH:2
end_of_record
TN:
SF:server.js
FN:18,(anonymous_0)
FN:19,(anonymous_1)
FN:32,(anonymous_2)
FN:38,(anonymous_3)
FNF:4
FNH:1
FNDA:1,(anonymous_0)
FNDA:0,(anonymous_1)
FNDA:0,(anonymous_2)
FNDA:0,(anonymous_3)
DA:1,1
DA:2,1
DA:3,1
DA:4,1
DA:5,1
DA:7,1
DA:10,1
DA:11,1
DA:14,1
DA:18,1
DA:19,0
DA:22,1
DA:23,1
DA:26,1
DA:27,1
DA:29,1
DA:32,1
DA:33,0
DA:37,1
DA:38,0
DA:39,0
DA:43,1
LF:22
LH:18
BRDA:37,0,0,0
BRDA:37,0,1,1
BRF:2
BRH:1
end_of_record
TN:
SF:controller/posts_controller.js
FN:3,(anonymous_0)
FN:19,(anonymous_1)
FN:31,(anonymous_2)
FN:54,(anonymous_3)
FNF:4
FNH:4
FNDA:2,(anonymous_0)
FNDA:2,(anonymous_1)
FNDA:1,(anonymous_2)
FNDA:1,(anonymous_3)
DA:1,1
DA:2,1
DA:3,1
DA:4,2
DA:5,2
DA:6,2
DA:7,2
DA:8,1
DA:9,1
DA:11,1
DA:12,1
DA:15,0
DA:19,1
DA:20,2
DA:21,2
DA:22,2
DA:23,1
DA:25,1
DA:31,1
DA:32,1
DA:35,1
DA:36,0
DA:39,1
DA:41,1
DA:43,1
DA:44,1
DA:46,0
DA:49,0
DA:50,0
DA:54,1
DA:55,1
DA:58,1
DA:59,0
DA:62,1
DA:63,1
DA:65,1
DA:66,0
DA:68,1
DA:71,0
DA:72,0
DA:77,1
LF:41
LH:32
BRDA:7,0,0,1
BRDA:7,0,1,1
BRDA:35,1,0,0
BRDA:35,1,1,1
BRDA:43,2,0,1
BRDA:43,2,1,0
BRDA:58,3,0,0
BRDA:58,3,1,1
BRDA:65,4,0,0
BRDA:65,4,1,1
BRF:10
BRH:6
end_of_record
TN:
SF:models/posts_model.js
FNF:0
FNH:0
DA:1,1
DA:2,1
DA:3,1
DA:17,1
DA:18,1
LF:5
LH:5
BRF:0
BRH:0
end_of_record
TN:
SF:routes/posts_routes.js
FNF:0
FNH:0
DA:1,1
DA:2,1
DA:3,1
DA:5,1
DA:7,1
DA:9,1
DA:11,1
DA:13,1
LF:8
LH:8
BRF:0
BRH:0
end_of_record
